#
# A fatal error has been detected by the Java Runtime Environment:
#
#  Internal Error (javaClasses.cpp:126), pid=2972, tid=8048
#  fatal error: Invalid layout of preloaded class
#
# JRE version:  (8.0_20-b26) (build )
# Java VM: Java HotSpot(TM) 64-Bit Server VM (25.20-b23 mixed mode windows-amd64 compressed oops)
# Failed to write core dump. Minidumps are not enabled by default on client versions of Windows
#
# If you would like to submit a bug report, please visit:
#   http://bugreport.sun.com/bugreport/crash.jsp
#

---------------  T H R E A D  ---------------

Current thread (0x0000000002b90800):  JavaThread "Unknown thread" [_thread_in_vm, id=8048, stack(0x0000000002a50000,0x0000000002b50000)]

Stack: [0x0000000002a50000,0x0000000002b50000]
Native frames: (J=compiled Java code, j=interpreted, Vv=VM code, C=native code)
V  [jvm.dll+0x3152fa]
V  [jvm.dll+0x265d03]
V  [jvm.dll+0x266943]
V  [jvm.dll+0x25e1e6]
V  [jvm.dll+0x5e64c]
V  [jvm.dll+0x5e743]
V  [jvm.dll+0x7316a]
V  [jvm.dll+0x734c8]
V  [jvm.dll+0xe3937]
V  [jvm.dll+0xe3cc6]
V  [jvm.dll+0x1f89d7]
V  [jvm.dll+0x229fc4]
V  [jvm.dll+0x14c6f1]
C  [javaw.exe+0x20c6]
C  [javaw.exe+0xc9eb]
C  [javaw.exe+0xca7f]
C  [KERNEL32.DLL+0x13d2]
C  [ntdll.dll+0x15454]


---------------  P R O C E S S  ---------------

Java Threads: ( => current thread )

Other Threads:

=>0x0000000002b90800 (exited) JavaThread "Unknown thread" [_thread_in_vm, id=8048, stack(0x0000000002a50000,0x0000000002b50000)]

VM state:not at safepoint (not fully initialized)

VM Mutex/Monitor currently owned by a thread: None

GC Heap History (0 events):
No events

Deoptimization events (0 events):
No events

Internal exceptions (0 events):
No events

Events (10 events):
Event: 0.041 loading class java/lang/CharSequence done
Event: 0.041 loading class java/lang/String done
Event: 0.041 loading class java/lang/Class
Event: 0.041 loading class java/lang/reflect/AnnotatedElement
Event: 0.042 loading class java/lang/reflect/AnnotatedElement done
Event: 0.042 loading class java/lang/reflect/GenericDeclaration
Event: 0.042 loading class java/lang/reflect/GenericDeclaration done
Event: 0.042 loading class java/lang/reflect/Type
Event: 0.042 loading class java/lang/reflect/Type done
Event: 0.042 loading class java/lang/Class done


Dynamic libraries:
0x00007ff770b60000 - 0x00007ff770b94000 	C:\Program Files\Java\jre1.8.0_20\bin\javaw.exe
0x00007ffbd9560000 - 0x00007ffbd970c000 	C:\WINDOWS\SYSTEM32\ntdll.dll
0x00007ffbd7730000 - 0x00007ffbd786e000 	C:\WINDOWS\system32\KERNEL32.DLL
0x00007ffbd67d0000 - 0x00007ffbd68e5000 	C:\WINDOWS\system32\KERNELBASE.dll
0x00007ffbd4fa0000 - 0x00007ffbd502e000 	C:\WINDOWS\system32\apphelp.dll
0x00007ffbd5160000 - 0x00007ffbd51b3000 	C:\WINDOWS\AppPatch\AppPatch64\AcGenral.DLL
0x00007ffbd7410000 - 0x00007ffbd74ba000 	C:\WINDOWS\system32\msvcrt.dll
0x00007ffbd63d0000 - 0x00007ffbd63fe000 	C:\WINDOWS\SYSTEM32\SspiCli.dll
0x00007ffbd6e70000 - 0x00007ffbd6ec4000 	C:\WINDOWS\system32\SHLWAPI.dll
0x00007ffbd75a0000 - 0x00007ffbd7717000 	C:\WINDOWS\system32\USER32.dll
0x00007ffbd71b0000 - 0x00007ffbd7344000 	C:\WINDOWS\system32\ole32.dll
0x00007ffbd7b70000 - 0x00007ffbd909b000 	C:\WINDOWS\system32\SHELL32.dll
0x00007ffbd5c60000 - 0x00007ffbd5c81000 	C:\WINDOWS\SYSTEM32\USERENV.dll
0x00007ffbd92f0000 - 0x00007ffbd939a000 	C:\WINDOWS\system32\ADVAPI32.dll
0x00007ffbbb160000 - 0x00007ffbbb17e000 	C:\WINDOWS\SYSTEM32\MPR.dll
0x00007ffbd7060000 - 0x00007ffbd71a1000 	C:\WINDOWS\system32\RPCRT4.dll
0x00007ffbd6ed0000 - 0x00007ffbd6f29000 	C:\WINDOWS\SYSTEM32\sechost.dll
0x00007ffbd6bf0000 - 0x00007ffbd6e01000 	C:\WINDOWS\SYSTEM32\combase.dll
0x00007ffbd7a20000 - 0x00007ffbd7b6f000 	C:\WINDOWS\system32\GDI32.dll
0x00007ffbd66b0000 - 0x00007ffbd66c5000 	C:\WINDOWS\SYSTEM32\profapi.dll
0x00007ffbd4ee0000 - 0x00007ffbd4f92000 	C:\WINDOWS\SYSTEM32\SHCORE.dll
0x00007ffbd9290000 - 0x00007ffbd92c6000 	C:\WINDOWS\system32\IMM32.DLL
0x00007ffbd9400000 - 0x00007ffbd9552000 	C:\WINDOWS\system32\MSCTF.dll
0x00007ffbd47a0000 - 0x00007ffbd4a1a000 	C:\WINDOWS\WinSxS\amd64_microsoft.windows.common-controls_6595b64144ccf1df_6.0.9600.17810_none_6240b9c7ecbd0bda\COMCTL32.dll
0x0000000053a00000 - 0x0000000053ad2000 	C:\Program Files\Java\jre1.8.0_20\bin\msvcr100.dll
0x0000000052b40000 - 0x0000000053398000 	C:\Program Files\Java\jre1.8.0_20\bin\server\jvm.dll
0x00007ffbbe330000 - 0x00007ffbbe339000 	C:\WINDOWS\SYSTEM32\WSOCK32.dll
0x00007ffbd0a70000 - 0x00007ffbd0a92000 	C:\WINDOWS\SYSTEM32\WINMM.dll
0x00007ffbd7590000 - 0x00007ffbd7597000 	C:\WINDOWS\system32\PSAPI.DLL
0x00007ffbd93a0000 - 0x00007ffbd93fa000 	C:\WINDOWS\system32\WS2_32.dll
0x00007ffbd0a40000 - 0x00007ffbd0a6a000 	C:\WINDOWS\SYSTEM32\WINMMBASE.dll
0x00007ffbd7720000 - 0x00007ffbd7729000 	C:\WINDOWS\system32\NSI.dll
0x00007ffbd6780000 - 0x00007ffbd67cf000 	C:\WINDOWS\SYSTEM32\cfgmgr32.dll
0x00007ffbd54a0000 - 0x00007ffbd54c8000 	C:\WINDOWS\SYSTEM32\DEVOBJ.dll
0x0000000054f50000 - 0x0000000054f5f000 	C:\Program Files\Java\jre1.8.0_20\bin\verify.dll
0x0000000053b40000 - 0x0000000053b68000 	C:\Program Files\Java\jre1.8.0_20\bin\java.dll
0x0000000053b20000 - 0x0000000053b36000 	C:\Program Files\Java\jre1.8.0_20\bin\zip.dll
0x00007ffbd1b50000 - 0x00007ffbd1cd9000 	C:\WINDOWS\SYSTEM32\dbghelp.dll

VM Arguments:
jvm_args: -Dfile.encoding=Cp1252 -Xbootclasspath:C:\Program Files (x86)\Android\android-sdk\platforms\android-23\android.jar 
java_command: com.example.calendar.EventDriver
java_class_path (initial): C:\Users\Ulysses\OneDrive\Documents\CalendarWorkSpace\Calendar\bin\classes;C:\Users\Ulysses\OneDrive\Documents\CalendarWorkSpace\gridlayout_v7\libs\android-support-v7-gridlayout.jar;C:\Users\Ulysses\OneDrive\Documents\CalendarWorkSpace\appcompat_v7\libs\android-support-v4.jar;C:\Users\Ulysses\OneDrive\Documents\CalendarWorkSpace\appcompat_v7\libs\android-support-v7-appcompat.jar;C:\Users\Ulysses\OneDrive\Documents\CalendarWorkSpace\appcompat_v7\bin\appcompat_v7.jar;C:\Users\Ulysses\OneDrive\Documents\CalendarWorkSpace\gridlayout_v7\bin\gridlayout_v7.jar
Launcher Type: SUN_STANDARD

Environment Variables:
PATH=C:/Program Files/Java/jre1.8.0_20/bin/server;C:/Program Files/Java/jre1.8.0_20/bin;C:/Program Files/Java/jre1.8.0_20/lib/amd64;C:\ProgramData\Oracle\Java\javapath;c:\Program Files (x86)\Intel\iCLS Client\;c:\Program Files\Intel\iCLS Client\;C:\WINDOWS\system32;C:\WINDOWS;C:\WINDOWS\System32\Wbem;C:\WINDOWS\System32\WindowsPowerShell\v1.0\;C:\Program Files (x86)\Intel\OpenCL SDK\3.0\bin\x86;C:\Program Files (x86)\Intel\OpenCL SDK\3.0\bin\x64;C:\Program Files\Intel\Intel(R) Management Engine Components\DAL;C:\Program Files\Intel\Intel(R) Management Engine Components\IPT;C:\Program Files (x86)\Intel\Intel(R) Management Engine Components\DAL;C:\Program Files (x86)\Intel\Intel(R) Management Engine Components\IPT;C:\Program Files (x86)\Windows Live\Shared;C:\Program Files (x86)\Java\Eclipse SE;
USERNAME=Ulysses
OS=Windows_NT
PROCESSOR_IDENTIFIER=Intel64 Family 6 Model 69 Stepping 1, GenuineIntel



---------------  S Y S T E M  ---------------

OS: Windows 8.1 , 64 bit Build 9600 

CPU:total 4 (2 cores per cpu, 2 threads per core) family 6 model 69 stepping 1, cmov, cx8, fxsr, mmx, sse, sse2, sse3, ssse3, sse4.1, sse4.2, popcnt, avx, avx2, aes, clmul, erms, lzcnt, ht, tsc, tscinvbit, bmi1, bmi2

Memory: 4k page, physical 8098776k(5087488k free), swap 9409496k(5918520k free)

vm_info: Java HotSpot(TM) 64-Bit Server VM (25.20-b23) for windows-amd64 JRE (1.8.0_20-b26), built on Jul 30 2014 13:51:23 by "java_re" with MS VC++ 10.0 (VS2010)

time: Thu Oct 29 17:20:34 2015
elapsed time: 0 seconds (0d 0h 0m 0s)

