#
# A fatal error has been detected by the Java Runtime Environment:
#
#  Internal Error (javaClasses.cpp:127), pid=6544, tid=6260
#  fatal error: Invalid layout of preloaded class
#
# JRE version:  (8.0_45-b14) (build )
# Java VM: Java HotSpot(TM) 64-Bit Server VM (25.45-b02 mixed mode windows-amd64 compressed oops)
# Failed to write core dump. Minidumps are not enabled by default on client versions of Windows
#
# If you would like to submit a bug report, please visit:
#   http://bugreport.java.com/bugreport/crash.jsp
#

---------------  T H R E A D  ---------------

Current thread (0x00000000026f0800):  JavaThread "Unknown thread" [_thread_in_vm, id=6260, stack(0x00000000025d0000,0x00000000026d0000)]

Stack: [0x00000000025d0000,0x00000000026d0000]
Native frames: (J=compiled Java code, j=interpreted, Vv=VM code, C=native code)
V  [jvm.dll+0x32b57a]
V  [jvm.dll+0x279873]
V  [jvm.dll+0x27a509]
V  [jvm.dll+0x2717a6]
V  [jvm.dll+0x68183]
V  [jvm.dll+0x68273]
V  [jvm.dll+0x7d74a]
V  [jvm.dll+0x7dab6]
V  [jvm.dll+0xf2157]
V  [jvm.dll+0xf24e6]
V  [jvm.dll+0x20f097]
V  [jvm.dll+0x240e0a]
V  [jvm.dll+0x15ba41]
C  [javaw.exe+0x217e]
C  [javaw.exe+0xcd17]
C  [javaw.exe+0xcdab]
C  [KERNEL32.DLL+0x12d92]
C  [ntdll.dll+0x9f64]


---------------  P R O C E S S  ---------------

Java Threads: ( => current thread )

Other Threads:

=>0x00000000026f0800 (exited) JavaThread "Unknown thread" [_thread_in_vm, id=6260, stack(0x00000000025d0000,0x00000000026d0000)]

VM state:not at safepoint (not fully initialized)

VM Mutex/Monitor currently owned by a thread: None

GC Heap History (0 events):
No events

Deoptimization events (0 events):
No events

Internal exceptions (0 events):
No events

Events (10 events):
Event: 0.010 loading class java/lang/CharSequence done
Event: 0.010 loading class java/lang/String done
Event: 0.010 loading class java/lang/Class
Event: 0.010 loading class java/lang/reflect/AnnotatedElement
Event: 0.010 loading class java/lang/reflect/AnnotatedElement done
Event: 0.010 loading class java/lang/reflect/GenericDeclaration
Event: 0.011 loading class java/lang/reflect/GenericDeclaration done
Event: 0.011 loading class java/lang/reflect/Type
Event: 0.011 loading class java/lang/reflect/Type done
Event: 0.011 loading class java/lang/Class done


Dynamic libraries:
0x00007ff684d50000 - 0x00007ff684d87000 	C:\Program Files\Java\jre1.8.0_45\bin\javaw.exe
0x00007ffe93ae0000 - 0x00007ffe93ca1000 	C:\WINDOWS\SYSTEM32\ntdll.dll
0x00007ffe91920000 - 0x00007ffe919cd000 	C:\WINDOWS\system32\KERNEL32.DLL
0x00007ffe90ca0000 - 0x00007ffe90e7d000 	C:\WINDOWS\system32\KERNELBASE.dll
0x00007ffe91870000 - 0x00007ffe91916000 	C:\WINDOWS\system32\ADVAPI32.dll
0x00007ffe911b0000 - 0x00007ffe9124d000 	C:\WINDOWS\system32\msvcrt.dll
0x00007ffe938f0000 - 0x00007ffe9394b000 	C:\WINDOWS\system32\sechost.dll
0x00007ffe93350000 - 0x00007ffe93476000 	C:\WINDOWS\system32\RPCRT4.dll
0x00007ffe937a0000 - 0x00007ffe938ee000 	C:\WINDOWS\system32\USER32.dll
0x00007ffe91250000 - 0x00007ffe913d6000 	C:\WINDOWS\system32\GDI32.dll
0x00007ffe84dc0000 - 0x00007ffe85034000 	C:\WINDOWS\WinSxS\amd64_microsoft.windows.common-controls_6595b64144ccf1df_6.0.10240.16384_none_f41f7b285750ef43\COMCTL32.dll
0x00007ffe93970000 - 0x00007ffe939a6000 	C:\WINDOWS\system32\IMM32.DLL
0x00007ffe931f0000 - 0x00007ffe9334c000 	C:\WINDOWS\system32\MSCTF.dll
0x0000000059750000 - 0x0000000059822000 	C:\Program Files\Java\jre1.8.0_45\bin\msvcr100.dll
0x0000000059940000 - 0x000000005a1c3000 	C:\Program Files\Java\jre1.8.0_45\bin\server\jvm.dll
0x00007ffe913e0000 - 0x00007ffe913e8000 	C:\WINDOWS\system32\PSAPI.DLL
0x00007ffe86040000 - 0x00007ffe8604a000 	C:\WINDOWS\SYSTEM32\VERSION.dll
0x00007ffe8ae40000 - 0x00007ffe8ae49000 	C:\WINDOWS\SYSTEM32\WSOCK32.dll
0x00007ffe8ebe0000 - 0x00007ffe8ec03000 	C:\WINDOWS\SYSTEM32\WINMM.dll
0x00007ffe917a0000 - 0x00007ffe91809000 	C:\WINDOWS\system32\WS2_32.dll
0x00007ffe913f0000 - 0x00007ffe913f8000 	C:\WINDOWS\system32\NSI.dll
0x0000000002540000 - 0x000000000256c000 	C:\WINDOWS\SYSTEM32\WINMMBASE.dll
0x00007ffe90f30000 - 0x00007ffe90f74000 	C:\WINDOWS\system32\cfgmgr32.dll
0x00007ffe8eea0000 - 0x00007ffe8eec7000 	C:\WINDOWS\SYSTEM32\DEVOBJ.dll
0x0000000059930000 - 0x000000005993f000 	C:\Program Files\Java\jre1.8.0_45\bin\verify.dll
0x0000000059900000 - 0x0000000059929000 	C:\Program Files\Java\jre1.8.0_45\bin\java.dll
0x00000000598e0000 - 0x00000000598f6000 	C:\Program Files\Java\jre1.8.0_45\bin\zip.dll
0x00007ffe8a6b0000 - 0x00007ffe8a83a000 	C:\WINDOWS\SYSTEM32\dbghelp.dll

VM Arguments:
jvm_args: -Dfile.encoding=Cp1252 -Xbootclasspath:C:\Program Files\Java Android SDK\platforms\android-23\android.jar 
java_command: com.example.calendar.EventDriver
java_class_path (initial): C:\Users\ulyss_000\OneDrive\Documents\CalendarWorkSpace\Calendar\bin\classes;C:\Users\ulyss_000\OneDrive\Documents\CalendarWorkSpace\gridlayout_v7\libs\android-support-v7-gridlayout.jar;C:\Users\ulyss_000\OneDrive\Documents\CalendarWorkSpace\Calendar\libs\android-support-v4.jar;C:\Users\ulyss_000\OneDrive\Documents\CalendarWorkSpace\appcompat_v7\libs\android-support-v7-appcompat.jar;C:\Users\ulyss_000\OneDrive\Documents\CalendarWorkSpace\appcompat_v7\bin\appcompat_v7.jar;C:\Users\ulyss_000\OneDrive\Documents\CalendarWorkSpace\gridlayout_v7\bin\gridlayout_v7.jar
Launcher Type: SUN_STANDARD

Environment Variables:
PATH=C:/Program Files/Java/jre1.8.0_45/bin/server;C:/Program Files/Java/jre1.8.0_45/bin;C:/Program Files/Java/jre1.8.0_45/lib/amd64;C:\Program Files (x86)\NVIDIA Corporation\PhysX\Common;C:\ProgramData\Oracle\Java\javapath;C:\Program Files (x86)\Intel\iCLS Client\;C:\Program Files\Intel\iCLS Client\;C:\WINDOWS\system32;C:\WINDOWS;C:\WINDOWS\System32\Wbem;C:\WINDOWS\System32\WindowsPowerShell\v1.0\;C:\Program Files\Intel\Intel(R) Management Engine Components\DAL;C:\Program Files\Intel\Intel(R) Management Engine Components\IPT;C:\Program Files (x86)\Intel\Intel(R) Management Engine Components\DAL;C:\Program Files (x86)\Intel\Intel(R) Management Engine Components\IPT;C:\Program Files (x86)\QuickTime\QTSystem\;C:\Program Files\Microsoft\Web Platform Installer\;C:\Program Files (x86)\Microsoft ASP.NET\ASP.NET Web Pages\v1.0\;C:\Program Files\Microsoft SQL Server\110\Tools\Binn\;C:\Program Files (x86)\Skype\Phone\;C:\Users\ulyss_000\MY Skewl\eclipse;
USERNAME=ulyss_000
OS=Windows_NT
PROCESSOR_IDENTIFIER=Intel64 Family 6 Model 60 Stepping 3, GenuineIntel



---------------  S Y S T E M  ---------------

OS: Windows 10.0 , 64 bit Build 10240 (10.0.10240.16384)

CPU:total 8 (4 cores per cpu, 2 threads per core) family 6 model 60 stepping 3, cmov, cx8, fxsr, mmx, sse, sse2, sse3, ssse3, sse4.1, sse4.2, popcnt, avx, avx2, aes, clmul, erms, lzcnt, ht, tsc, tscinvbit, bmi1, bmi2

Memory: 4k page, physical 8300904k(5069064k free), swap 9611624k(6001948k free)

vm_info: Java HotSpot(TM) 64-Bit Server VM (25.45-b02) for windows-amd64 JRE (1.8.0_45-b14), built on Apr 10 2015 10:34:15 by "java_re" with MS VC++ 10.0 (VS2010)

time: Fri Oct 30 12:21:21 2015
elapsed time: 0 seconds (0d 0h 0m 0s)

